<?xml version="1.0" encoding="UTF-8"?>
<!-- Generated by org.testng.reporters.JUnitReportReporter -->
<testsuite hostname="BachTheNgo" failures="0" tests="1" name="OrangeHRM.OrangeHRM" time="31.617" errors="0" timestamp="2024-01-28T01:09:23 ICT" skipped="0">
  <testcase classname="OrangeHRM.OrangeHRM" name="Test" time="31.617"/>
</testsuite> <!-- OrangeHRM.OrangeHRM -->
